<?xml version="1.0" encoding="UTF-8"?>
<testsuite xmlns:xsi="http://www.w3.org/2001/XMLSchema-instance" xsi:noNamespaceSchemaLocation="https://maven.apache.org/surefire/maven-surefire-plugin/xsd/surefire-test-report-3.0.xsd" version="3.0" name="RunnerTest" time="0.551" tests="10" errors="0" skipped="0" failures="0">
  <properties>
[...]
</properties>
  <testcase name="User successfully add new book #1" classname="Book" time="0.101"/>
  <testcase name="User successfully add new book #2" classname="Book" time="0.01"/>
  <testcase name="User successfully add new book #3" classname="Book" time="0.01"/>
  <testcase name="User successfully add new book #4" classname="Book" time="0.012"/>
  <testcase name="User tries to input incorrect title #1" classname="Book" time="0.012"/>
  <testcase name="User tries to input incorrect title #2" classname="Book" time="0.006"/>
  <testcase name="User tries to input incorrect description #1" classname="Book" time="0.007"/>
  <testcase name="User tries to input incorrect description #2" classname="Book" time="0.006"/>
  <testcase name="User tries to input incorrect description #3" classname="Book" time="0.005"/>
  <testcase name="User tries to input incorrect authors" classname="Book" time="0.006"/>
</testsuite>